<?xml version="1.0" encoding="UTF-8"?>
<!-- Generated by org.testng.reporters.JUnitReportReporter -->
<testsuite hostname="Pebbles" failures="0" tests="1" name="com.tests.ApiAssesmentE2E" time="1.626" errors="0" timestamp="2023-03-13T19:56:31 EDT" skipped="0">
  <testcase classname="com.tests.ApiAssesmentE2E" name="tc5GetWithEmployeeid" time="1.626"/>
  <system-out/>
</testsuite> <!-- com.tests.ApiAssesmentE2E -->
